Disconnected
Disconnected
Disconnected
Disconnected
Disconnected
Disconnected
Disconnected
Disconnected
Disconnected
Disconnected
Disconnected
Disconnected
Disconnected
Disconnected
Disconnected
Disconnected
Disconnected
Disconnected
Disconnected
Disconnected
Disconnected
Disconnected
Disconnected
Disconnected
Disconnected
Disconnected
Disconnected
Disconnected
Disconnected
Disconnected
Disconnected
Disconnected
Disconnected
Disconnected
Disconnected
Disconnected
Disconnected
Disconnected
Disconnected
Disconnected
Disconnected
Disconnected
Disconnected
Disconnected
Disconnected
Disconnected
Disconnected
Disconnected
Disconnected
Disconnected
Disconnected
Disconnected
Disconnected
Disconnected
Disconnected
Disconnected
Disconnected
Disconnected
Disconnected
Disconnected
Disconnected
Disconnected
Disconnected
Disconnected
Disconnected
Disconnected
Disconnected
Disconnected
Disconnected
Disconnected
Disconnected
Disconnected
Disconnected
Disconnected
Disconnected
Disconnected
Disconnected
Disconnected
Disconnected
Disconnected
Disconnected
Disconnected
Disconnected
Disconnected
Disconnected
Disconnected
Disconnected
Disconnected
Disconnected
Disconnected
Disconnected
Disconnected
Disconnected
Disconnected
Disconnected
Disconnected
Disconnected
Disconnected
Disconnected
Disconnected
Disconnected
Disconnected
Disconnected
Disconnected
Disconnected
Disconnected
Disconnected
Disconnected
Disconnected
Disconnected
Disconnected
Disconnected
Disconnected
Disconnected
Disconnected
Disconnected
Disconnected
Disconnected
Disconnected
Disconnected
Disconnected
Disconnected
Disconnected
Disconnected
Disconnected
Disconnected
Disconnected
Disconnected
Disconnected
Disconnected
Disconnected
Disconnected
Disconnected
Disconnected
Disconnected
Disconnected
Disconnected
Disconnected
Disconnected
Disconnected
Disconnected
Disconnected
95361
95592
95855
95855
95573
95973
95979
95630
95630
95641
96350
96350
95642
95782
95782
95782
95757
95765
95921
95921
96009
96009
96009
96087
95792
95795
95670
96098
96098
96384
96498
96429
96470
96518
96594
96504
96430
96341
96569
96978
96605
96552
96552
96598
96777
96552
96552
96552
96612
96612
96647
96647
96836
97066
97277
97562
97856
97856
97856
97167
97503
97503
97328
97374
97608
97608
97207
96899
96871
96871
96871
96580
95888
95572
94720
94722
94736
94736
94158
94158
94158
94158
93731
93731
93532
93682
94545
94545
94252
94017
93846
93846
93846
93899
93895
93853
93541
93468
93639
93287
93677
93677
93677
93677
93578
93025
92821
93091
92410
92609
92464
92471
92298
92298
92758
92906
92810
92810
92810
92303
92303
92319
92883
92883
92979
93166
93018
93018
93018
93059
93059
93758
93758
93701
93245
93104
93299
93299
93299
92991
92883
92750
92750
92674
92808
92808
92616
92592
93507
93654
94666
94459
94770
94413
94413
94413
94413
94413
94484
94556
94556
94162
94332
94579
94272
94272
93452
93806
93542
93540
93809
93777
93777
93862
93878
93878
93748
93748
94373
94933
96136
95978
96191
96034
96060
96309
96295
96042
96272
95924
95166
95704
96270
96207
96207
95368
95272
94902
94958
95198
95957
95957
96013
96343
97137
97132
97132
97564
97360
96766
97332
97235
96649
96649
95948
95610
95817
96056
95752
96416
96009
96175
96800
96123
95936
96179
96112
95957
95957
95957
96279
96279
96279
95825
95137
95199
95199
95122
94545
94965
95111
95178
95178
95178
95186
95443
95813
95813
94969
95249
94867
94519
94896
94896
94245
94803
94987
94987
95044
94824
94824
94824
94660
95139
95281
94935
94936
94781
94781
94563
94563
94563
94563
94563
94819
94819
94580
94698
95447
95447
95297
95297
95297
96078
96078
96345
96878
96690
96690
96391
96619
96128
96254
96254
96254
96378
96686
96686
96467
95865
95865
95865
95865
96302
97130
97061
97061
96630
96835
96680
96866
96866
96698
96872
96872
96967
97336
97336
96965
96622
96559
96194
96332
96332
96332
96703
96782
96566
96348
96429
96224
96224
96224
96595
96865
96865
96782
96758
96885
97441
97055
97055
96651
96651
96791
96791
96950
96950
96950
96950
97056
96910
96930
96345
96345
96279
96279
96273
97035
97629
97629
97670
97378
97378
97378
96905
96691
96780
96920
96920
96920
96377
96194
96012
95916
96352
96713
97705
98337
98565
99361
99768
99910
99538
99781
99781
100564
100252
100134
100134
100453
100928
100927
100601
100601
100660
100091
100050
100050
99507
99507
99507
99507
100101
100101
99911
99911
100278
100278
100501
100500
100500
100438
100152
99818
99688
99075
99075
99110
99426
99426
99426
99868
99868
99939
99939
99939
100242
98727
98960
99092
98919
98919
98505
99059
99030
98932
98686
98686
98815
98766
98766
98766
98328
97609
97609
97609
97364
97578
97265
97265
97379
97270
97490
97540
97540
97732
97732
97849
97849
99062
99062
99062
99092
98899
98182
98760
98760
98760
98899
99056
98544
98631
98631
98406
98483
98483
98483
98356
98111
97750
97750
97928
97683
97683
97683
98276
98398
98398
97334
97926
96766
96766
96795
97029
97277
97277
97454
97762
98095
98131
98001
97666
97857
98171
98171
98095
98095
98212
98083
98061
98061
97918
97918
98046
98226
98560
98944
99067
99023
99023
98839
98606
98606
98806
98749
98833
98833
98922
98922
99425
99425
99293
99293
99639
Disconnected
Disconnected
Disconnected
Disconnected
Disconnected
Disconnected
Disconnected
Disconnected
Disconnected
Disconnected
Disconnected
Disconnected
Disconnected
Disconnected
Disconnected
Disconnected
Disconnected
Disconnected
Disconnected
Disconnected
Disconnected
Disconnected
Disconnected
Disconnected
Disconnected
Disconnected
Disconnected
Disconnected
Disconnected
Disconnected
Disconnected
Disconnected
Disconnected
Disconnected
Disconnected
Disconnected
Disconnected
Disconnected
Disconnected
Disconnected
Disconnected
Disconnected
Disconnected
Disconnected
Disconnected
97414
97589
97589
97642
97206
97180
96835
96983
96983
96404
96119
95943
95770
95770
95354
95805
95805
95543
95543
95670
95407
95044
94729
95234
95234
94991
94991
94403
94403
94442
94573
94573
94512
95029
95029
94975
94860
94860
94963
94860
95796
95796
95796
95664
95845
96004
95761
95807
96441
96441
96495
96495
96495
96082
96082
96082
95823
95823
96116
96116
96116
96116
96367
96211
96297
96297
95883
95883
95485
96097
96211
96211
96148
95801
95491
96091
96091
96091
96193
96022
96056
95583
95583
95492
95763
95758
95902
96370
96491
96491
96015
96015
95753
95658
95658
95534
95152
95152
95438
95029
95239
94910
94833
94642
94474
94474
94093
94370
94241
94241
93812
93657
93336
93788
93788
94225
94209
94223
94223
94203
94364
94167
93923
93529
93090
93090
93293
93293
93293
93034
92914
92547
92529
92718
92718
92709
92723
92723
92723
93186
93246
92747
92747
92735
92735
92432
92656
91741
91850
92166
92166
92257
92916
93102
92740
91832
91832
91816
91816
91650
92253
92898
92898
92898
92783
93002
93388
93165
93477
93150
93171
93210
93210
93027
93027
92844
93269
93269
Disconnected
Disconnected
Disconnected
Disconnected
Disconnected
Disconnected
Disconnected
Disconnected
Disconnected
Disconnected
Disconnected
Disconnected
Disconnected
Disconnected
Disconnected
Disconnected
Disconnected
Disconnected
Disconnected
Disconnected
Disconnected
Disconnected
Disconnected
Disconnected
Disconnected
Disconnected
Disconnected
Disconnected
Disconnected
Disconnected
Disconnected
Disconnected
Disconnected
Disconnected
Disconnected
Disconnected
Disconnected
Disconnected
Disconnected
Disconnected
Disconnected
Disconnected
Disconnected
Disconnected
Disconnected
Disconnected
Disconnected
Disconnected
Disconnected
Disconnected
Disconnected
Disconnected
Disconnected
Disconnected
Disconnected
Disconnected
Disconnected
Disconnected
Disconnected
Disconnected
Disconnected
Disconnected
Disconnected
Disconnected
Disconnected
97707
97312
97429
97556
97546
97546
97076
96873
97162
96835
96835
97231
96233
96325
96441
96441
96030
95803
95803
95616
95616
95367
95322
95512
95501
95369
95445
95445
95445
95708
95893
95475
95996
96175
95524
95306
Disconnected
Disconnected
Disconnected
Disconnected
Disconnected
Disconnected
Disconnected
Disconnected
Disconnected
Disconnected
Disconnected
Disconnected
Disconnected
Disconnected
Disconnected
Disconnected
Disconnected
Disconnected
Disconnected
Disconnected
Disconnected
Disconnected
Disconnected
Disconnected
Disconnected
Disconnected
Disconnected
Disconnected
Disconnected
Disconnected
95590
95794
96444
96444
96608
96936
96597
96653
96653
96104
96391
96345
96456
96857
96658
96351
96528
96841
96653
96653
96653
96653
96537
96537
96388
95777
95658
95658
94719
94719
94555
94864
94864
94216
94216
93519
93136
93328
93175
92345
92839
92144
92144
92108
92108
92787
92787
93084
93775
93775
93436
93873
94081
94245
94328
94915
95277
95459
94957
95013
95340
95340
95162
94975
94653
94653
94654
94654
94769
94169
94062
93828
95099
95108
96160
96256
96414
96414
96414
96174
95922
95767
95667
95551
95551
95551
95560
95590
95590
95829
95722
95722
94769
94769
94769
94451
94451
94451
94526
94308
94210
94315
94191
94129
93962
94280
93727
93755
94060
93776
93384
93384
93576
93518
93518
93982
93974
93761
93664
93359
93529
93529
93529
93273
93029
92762
92967
92967
92967
92304
92304
92304
92304
92288
92242
92242
92167
92167
92491
93206
92969
93209
92572
92622
92936
92936
92880
92584
93510
93510
93510
